<?xml version="1.0" encoding="UTF-8"?>
<!-- Generated by org.testng.reporters.JUnitReportReporter -->
<testsuite hostname="DESKTOP-HDPEOVG" name="cpms.webasto.test.WebSocketTest" tests="6" failures="6" timestamp="17 Oct 2020 07:31:44 GMT" time="90.781" errors="0">
  <testcase name="bootNotification1" time="24.902" classname="cpms.webasto.test.WebSocketTest">
    <failure type="java.lang.StringIndexOutOfBoundsException" message="String index out of range: 1">
      <![CDATA[java.lang.StringIndexOutOfBoundsException: String index out of range: 1
	at java.lang.String.charAt(Unknown Source)
	at cpms.webasto.test.SampleWebSocketTest.chargePointConnect(SampleWebSocketTest.java:69)
	at cpms.webasto.test.WebSocketTest.bootNotification1(WebSocketTest.java:11)
	at sun.reflect.NativeMethodAccessorImpl.invoke0(Native Method)
	at sun.reflect.NativeMethodAccessorImpl.invoke(Unknown Source)
	at sun.reflect.DelegatingMethodAccessorImpl.invoke(Unknown Source)
	at java.lang.reflect.Method.invoke(Unknown Source)
	at org.testng.internal.MethodInvocationHelper.invokeMethod(MethodInvocationHelper.java:80)
	at org.testng.internal.Invoker.invokeMethod(Invoker.java:714)
	at org.testng.internal.Invoker.invokeTestMethod(Invoker.java:901)
	at org.testng.internal.Invoker.invokeTestMethods(Invoker.java:1231)
	at org.testng.internal.TestMethodWorker.invokeTestMethods(TestMethodWorker.java:127)
	at org.testng.internal.TestMethodWorker.run(TestMethodWorker.java:111)
	at org.testng.TestRunner.privateRun(TestRunner.java:767)
	at org.testng.TestRunner.run(TestRunner.java:617)
	at org.testng.SuiteRunner.runTest(SuiteRunner.java:334)
	at org.testng.SuiteRunner.runSequentially(SuiteRunner.java:329)
	at org.testng.SuiteRunner.privateRun(SuiteRunner.java:291)
	at org.testng.SuiteRunner.run(SuiteRunner.java:240)
	at org.testng.SuiteRunnerWorker.runSuite(SuiteRunnerWorker.java:52)
	at org.testng.SuiteRunnerWorker.run(SuiteRunnerWorker.java:86)
	at org.testng.TestNG.runSuitesSequentially(TestNG.java:1198)
	at org.testng.TestNG.runSuitesLocally(TestNG.java:1123)
	at org.testng.TestNG.run(TestNG.java:1031)
	at org.testng.remote.AbstractRemoteTestNG.run(AbstractRemoteTestNG.java:115)
	at org.testng.remote.RemoteTestNG.initAndRun(RemoteTestNG.java:251)
	at org.testng.remote.RemoteTestNG.main(RemoteTestNG.java:77)
]]>
    </failure>
  </testcase> <!-- bootNotification1 -->
  <testcase name="startTransaction3" time="12.361" classname="cpms.webasto.test.WebSocketTest">
    <failure type="org.openqa.selenium.NoSuchElementException" message="Cannot locate an element using xpath=//span[text()=&#039;OPENED&#039;]
For documentation on this error, please visit: https://www.seleniumhq.org/exceptions/no_such_element.html
Build info: version: &#039;unknown&#039;, revision: &#039;unknown&#039;, time: &#039;unknown&#039;
System info: host: &#039;DESKTOP-HDPEOVG&#039;, ip: &#039;192.168.31.40&#039;, os.name: &#039;Windows 10&#039;, os.arch: &#039;amd64&#039;, os.version: &#039;10.0&#039;, java.version: &#039;1.8.0_261&#039;
Driver info: driver.version: RemoteWebDriver">
      <![CDATA[org.openqa.selenium.NoSuchElementException: Cannot locate an element using xpath=//span[text()='OPENED']
For documentation on this error, please visit: https://www.seleniumhq.org/exceptions/no_such_element.html
Build info: version: 'unknown', revision: 'unknown', time: 'unknown'
System info: host: 'DESKTOP-HDPEOVG', ip: '192.168.31.40', os.name: 'Windows 10', os.arch: 'amd64', os.version: '10.0', java.version: '1.8.0_261'
Driver info: driver.version: RemoteWebDriver
	at org.openqa.selenium.remote.RemoteWebDriver.findElement(RemoteWebDriver.java:327)
	at org.openqa.selenium.remote.RemoteWebDriver.findElementByXPath(RemoteWebDriver.java:428)
	at org.openqa.selenium.By$ByXPath.findElement(By.java:353)
	at org.openqa.selenium.remote.RemoteWebDriver.findElement(RemoteWebDriver.java:315)
	at org.openqa.selenium.support.pagefactory.DefaultElementLocator.findElement(DefaultElementLocator.java:69)
	at org.openqa.selenium.support.pagefactory.internal.LocatingElementHandler.invoke(LocatingElementHandler.java:38)
	at com.sun.proxy.$Proxy7.isDisplayed(Unknown Source)
	at cpms.webasto.test.SampleWebSocketTest.chargePointConnect(SampleWebSocketTest.java:54)
	at cpms.webasto.test.WebSocketTest.startTransaction3(WebSocketTest.java:46)
	at sun.reflect.NativeMethodAccessorImpl.invoke0(Native Method)
	at sun.reflect.NativeMethodAccessorImpl.invoke(Unknown Source)
	at sun.reflect.DelegatingMethodAccessorImpl.invoke(Unknown Source)
	at java.lang.reflect.Method.invoke(Unknown Source)
	at org.testng.internal.MethodInvocationHelper.invokeMethod(MethodInvocationHelper.java:80)
	at org.testng.internal.Invoker.invokeMethod(Invoker.java:714)
	at org.testng.internal.Invoker.invokeTestMethod(Invoker.java:901)
	at org.testng.internal.Invoker.invokeTestMethods(Invoker.java:1231)
	at org.testng.internal.TestMethodWorker.invokeTestMethods(TestMethodWorker.java:127)
	at org.testng.internal.TestMethodWorker.run(TestMethodWorker.java:111)
	at org.testng.TestRunner.privateRun(TestRunner.java:767)
	at org.testng.TestRunner.run(TestRunner.java:617)
	at org.testng.SuiteRunner.runTest(SuiteRunner.java:334)
	at org.testng.SuiteRunner.runSequentially(SuiteRunner.java:329)
	at org.testng.SuiteRunner.privateRun(SuiteRunner.java:291)
	at org.testng.SuiteRunner.run(SuiteRunner.java:240)
	at org.testng.SuiteRunnerWorker.runSuite(SuiteRunnerWorker.java:52)
	at org.testng.SuiteRunnerWorker.run(SuiteRunnerWorker.java:86)
	at org.testng.TestNG.runSuitesSequentially(TestNG.java:1198)
	at org.testng.TestNG.runSuitesLocally(TestNG.java:1123)
	at org.testng.TestNG.run(TestNG.java:1031)
	at org.testng.remote.AbstractRemoteTestNG.run(AbstractRemoteTestNG.java:115)
	at org.testng.remote.RemoteTestNG.initAndRun(RemoteTestNG.java:251)
	at org.testng.remote.RemoteTestNG.main(RemoteTestNG.java:77)
]]>
    </failure>
  </testcase> <!-- startTransaction3 -->
  <testcase name="bootNotification2" time="13.893" classname="cpms.webasto.test.WebSocketTest">
    <failure type="org.openqa.selenium.WebDriverException" message="unknown error: failed to wait for extension background page to load: chrome-extension://mdmlhchldhfnfnkfmljgeinlffmdgkjo/_generated_background_page.html
from chrome not reachable
Build info: version: &#039;unknown&#039;, revision: &#039;unknown&#039;, time: &#039;unknown&#039;
System info: host: &#039;DESKTOP-HDPEOVG&#039;, ip: &#039;192.168.31.40&#039;, os.name: &#039;Windows 10&#039;, os.arch: &#039;amd64&#039;, os.version: &#039;10.0&#039;, java.version: &#039;1.8.0_261&#039;
Driver info: driver.version: ChromeDriver
remote stacktrace: Backtrace:
	Ordinal0 [0x00CBD383+3134339]
	Ordinal0 [0x00BAA171+2007409]
	Ordinal0 [0x00A4AD90+568720]
	Ordinal0 [0x00A41364+529252]
	Ordinal0 [0x00A419FC+530940]
	Ordinal0 [0x00A42C15+535573]
	Ordinal0 [0x00A3DFC5+516037]
	Ordinal0 [0x00A4BF70+573296]
	Ordinal0 [0x00A37242+488002]
	Ordinal0 [0x009CD9C9+55753]
	Ordinal0 [0x009F0DFC+200188]
	Ordinal0 [0x009F0C1D+199709]
	Ordinal0 [0x009EEB0B+191243]
	Ordinal0 [0x009D2E77+77431]
	Ordinal0 [0x009D3E3E+81470]
	Ordinal0 [0x009D3DC9+81353]
	Ordinal0 [0x00BC0CD9+2100441]
	GetHandleVerifier [0x00E2B75A+1396954]
	GetHandleVerifier [0x00E2B3D9+1396057]
	GetHandleVerifier [0x00E37126+1444518]
	GetHandleVerifier [0x00E2BCE8+1398376]
	Ordinal0 [0x00BB7F51+2064209]
	Ordinal0 [0x00BC22EB+2106091]
	Ordinal0 [0x00BC2411+2106385]
	Ordinal0 [0x00BD49C4+2181572]
	BaseThreadInitThunk [0x7627FA29+25]
	RtlGetAppContainerNamedObjectPath [0x77E775F4+228]
	RtlGetAppContainerNamedObjectPath [0x77E775C4+180]
">
      <![CDATA[org.openqa.selenium.WebDriverException: unknown error: failed to wait for extension background page to load: chrome-extension://mdmlhchldhfnfnkfmljgeinlffmdgkjo/_generated_background_page.html
from chrome not reachable
Build info: version: 'unknown', revision: 'unknown', time: 'unknown'
System info: host: 'DESKTOP-HDPEOVG', ip: '192.168.31.40', os.name: 'Windows 10', os.arch: 'amd64', os.version: '10.0', java.version: '1.8.0_261'
Driver info: driver.version: ChromeDriver
remote stacktrace: Backtrace:
	Ordinal0 [0x00CBD383+3134339]
	Ordinal0 [0x00BAA171+2007409]
	Ordinal0 [0x00A4AD90+568720]
	Ordinal0 [0x00A41364+529252]
	Ordinal0 [0x00A419FC+530940]
	Ordinal0 [0x00A42C15+535573]
	Ordinal0 [0x00A3DFC5+516037]
	Ordinal0 [0x00A4BF70+573296]
	Ordinal0 [0x00A37242+488002]
	Ordinal0 [0x009CD9C9+55753]
	Ordinal0 [0x009F0DFC+200188]
	Ordinal0 [0x009F0C1D+199709]
	Ordinal0 [0x009EEB0B+191243]
	Ordinal0 [0x009D2E77+77431]
	Ordinal0 [0x009D3E3E+81470]
	Ordinal0 [0x009D3DC9+81353]
	Ordinal0 [0x00BC0CD9+2100441]
	GetHandleVerifier [0x00E2B75A+1396954]
	GetHandleVerifier [0x00E2B3D9+1396057]
	GetHandleVerifier [0x00E37126+1444518]
	GetHandleVerifier [0x00E2BCE8+1398376]
	Ordinal0 [0x00BB7F51+2064209]
	Ordinal0 [0x00BC22EB+2106091]
	Ordinal0 [0x00BC2411+2106385]
	Ordinal0 [0x00BD49C4+2181572]
	BaseThreadInitThunk [0x7627FA29+25]
	RtlGetAppContainerNamedObjectPath [0x77E775F4+228]
	RtlGetAppContainerNamedObjectPath [0x77E775C4+180]

	at sun.reflect.NativeConstructorAccessorImpl.newInstance0(Native Method)
	at sun.reflect.NativeConstructorAccessorImpl.newInstance(Unknown Source)
	at sun.reflect.DelegatingConstructorAccessorImpl.newInstance(Unknown Source)
	at java.lang.reflect.Constructor.newInstance(Unknown Source)
	at org.openqa.selenium.remote.W3CHandshakeResponse.lambda$errorHandler$0(W3CHandshakeResponse.java:62)
	at org.openqa.selenium.remote.HandshakeResponse.lambda$getResponseFunction$0(HandshakeResponse.java:30)
	at org.openqa.selenium.remote.ProtocolHandshake.lambda$createSession$0(ProtocolHandshake.java:126)
	at java.util.stream.ReferencePipeline$3$1.accept(Unknown Source)
	at java.util.Spliterators$ArraySpliterator.tryAdvance(Unknown Source)
	at java.util.stream.ReferencePipeline.forEachWithCancel(Unknown Source)
	at java.util.stream.AbstractPipeline.copyIntoWithCancel(Unknown Source)
	at java.util.stream.AbstractPipeline.copyInto(Unknown Source)
	at java.util.stream.AbstractPipeline.wrapAndCopyInto(Unknown Source)
	at java.util.stream.FindOps$FindOp.evaluateSequential(Unknown Source)
	at java.util.stream.AbstractPipeline.evaluate(Unknown Source)
	at java.util.stream.ReferencePipeline.findFirst(Unknown Source)
	at org.openqa.selenium.remote.ProtocolHandshake.createSession(ProtocolHandshake.java:128)
	at org.openqa.selenium.remote.ProtocolHandshake.createSession(ProtocolHandshake.java:74)
	at org.openqa.selenium.remote.HttpCommandExecutor.execute(HttpCommandExecutor.java:136)
	at org.openqa.selenium.remote.service.DriverCommandExecutor.execute(DriverCommandExecutor.java:83)
	at org.openqa.selenium.remote.RemoteWebDriver.execute(RemoteWebDriver.java:552)
	at org.openqa.selenium.remote.RemoteWebDriver.startSession(RemoteWebDriver.java:213)
	at org.openqa.selenium.remote.RemoteWebDriver.<init>(RemoteWebDriver.java:131)
	at org.openqa.selenium.chrome.ChromeDriver.<init>(ChromeDriver.java:181)
	at org.openqa.selenium.chrome.ChromeDriver.<init>(ChromeDriver.java:168)
	at org.openqa.selenium.chrome.ChromeDriver.<init>(ChromeDriver.java:157)
	at cpms.webasto.test.SampleWebSocketTest.chargePointConnect(SampleWebSocketTest.java:36)
	at cpms.webasto.test.WebSocketTest.bootNotification2(WebSocketTest.java:18)
	at sun.reflect.NativeMethodAccessorImpl.invoke0(Native Method)
	at sun.reflect.NativeMethodAccessorImpl.invoke(Unknown Source)
	at sun.reflect.DelegatingMethodAccessorImpl.invoke(Unknown Source)
	at java.lang.reflect.Method.invoke(Unknown Source)
	at org.testng.internal.MethodInvocationHelper.invokeMethod(MethodInvocationHelper.java:80)
	at org.testng.internal.Invoker.invokeMethod(Invoker.java:714)
	at org.testng.internal.Invoker.invokeTestMethod(Invoker.java:901)
	at org.testng.internal.Invoker.invokeTestMethods(Invoker.java:1231)
	at org.testng.internal.TestMethodWorker.invokeTestMethods(TestMethodWorker.java:127)
	at org.testng.internal.TestMethodWorker.run(TestMethodWorker.java:111)
	at org.testng.TestRunner.privateRun(TestRunner.java:767)
	at org.testng.TestRunner.run(TestRunner.java:617)
	at org.testng.SuiteRunner.runTest(SuiteRunner.java:334)
	at org.testng.SuiteRunner.runSequentially(SuiteRunner.java:329)
	at org.testng.SuiteRunner.privateRun(SuiteRunner.java:291)
	at org.testng.SuiteRunner.run(SuiteRunner.java:240)
	at org.testng.SuiteRunnerWorker.runSuite(SuiteRunnerWorker.java:52)
	at org.testng.SuiteRunnerWorker.run(SuiteRunnerWorker.java:86)
	at org.testng.TestNG.runSuitesSequentially(TestNG.java:1198)
	at org.testng.TestNG.runSuitesLocally(TestNG.java:1123)
	at org.testng.TestNG.run(TestNG.java:1031)
	at org.testng.remote.AbstractRemoteTestNG.run(AbstractRemoteTestNG.java:115)
	at org.testng.remote.RemoteTestNG.initAndRun(RemoteTestNG.java:251)
	at org.testng.remote.RemoteTestNG.main(RemoteTestNG.java:77)
]]>
    </failure>
  </testcase> <!-- bootNotification2 -->
  <testcase name="startTransaction2" time="22.098" classname="cpms.webasto.test.WebSocketTest">
    <failure type="org.openqa.selenium.NoSuchElementException" message="no such element: Unable to locate element: {&quot;method&quot;:&quot;xpath&quot;,&quot;selector&quot;:&quot;//span[text()=&#039;OPENED&#039;]&quot;}
  (Session info: chrome=86.0.4240.75)
For documentation on this error, please visit: https://www.seleniumhq.org/exceptions/no_such_element.html
Build info: version: &#039;unknown&#039;, revision: &#039;unknown&#039;, time: &#039;unknown&#039;
System info: host: &#039;DESKTOP-HDPEOVG&#039;, ip: &#039;192.168.31.40&#039;, os.name: &#039;Windows 10&#039;, os.arch: &#039;amd64&#039;, os.version: &#039;10.0&#039;, java.version: &#039;1.8.0_261&#039;
Driver info: org.openqa.selenium.chrome.ChromeDriver
Capabilities {acceptInsecureCerts: false, browserName: chrome, browserVersion: 86.0.4240.75, chrome: {chromedriverVersion: 85.0.4183.87 (cd6713ebf92fa..., userDataDir: C:\Users\DELL\AppData\Local...}, goog:chromeOptions: {debuggerAddress: localhost:58646}, javascriptEnabled: true, networkConnectionEnabled: false, pageLoadStrategy: normal, platform: WINDOWS, platformName: WINDOWS, proxy: Proxy(), setWindowRect: true, strictFileInteractability: false, timeouts: {implicit: 0, pageLoad: 300000, script: 30000}, unhandledPromptBehavior: dismiss and notify, webauthn:virtualAuthenticators: true}
Session ID: a2bf93f26ad2cd84b03b92add6126e08
*** Element info: {Using=xpath, value=//span[text()=&#039;OPENED&#039;]}">
      <![CDATA[org.openqa.selenium.NoSuchElementException: no such element: Unable to locate element: {"method":"xpath","selector":"//span[text()='OPENED']"}
  (Session info: chrome=86.0.4240.75)
For documentation on this error, please visit: https://www.seleniumhq.org/exceptions/no_such_element.html
Build info: version: 'unknown', revision: 'unknown', time: 'unknown'
System info: host: 'DESKTOP-HDPEOVG', ip: '192.168.31.40', os.name: 'Windows 10', os.arch: 'amd64', os.version: '10.0', java.version: '1.8.0_261'
Driver info: org.openqa.selenium.chrome.ChromeDriver
Capabilities {acceptInsecureCerts: false, browserName: chrome, browserVersion: 86.0.4240.75, chrome: {chromedriverVersion: 85.0.4183.87 (cd6713ebf92fa..., userDataDir: C:\Users\DELL\AppData\Local...}, goog:chromeOptions: {debuggerAddress: localhost:58646}, javascriptEnabled: true, networkConnectionEnabled: false, pageLoadStrategy: normal, platform: WINDOWS, platformName: WINDOWS, proxy: Proxy(), setWindowRect: true, strictFileInteractability: false, timeouts: {implicit: 0, pageLoad: 300000, script: 30000}, unhandledPromptBehavior: dismiss and notify, webauthn:virtualAuthenticators: true}
Session ID: a2bf93f26ad2cd84b03b92add6126e08
*** Element info: {Using=xpath, value=//span[text()='OPENED']}
	at sun.reflect.NativeConstructorAccessorImpl.newInstance0(Native Method)
	at sun.reflect.NativeConstructorAccessorImpl.newInstance(Unknown Source)
	at sun.reflect.DelegatingConstructorAccessorImpl.newInstance(Unknown Source)
	at java.lang.reflect.Constructor.newInstance(Unknown Source)
	at org.openqa.selenium.remote.http.W3CHttpResponseCodec.createException(W3CHttpResponseCodec.java:187)
	at org.openqa.selenium.remote.http.W3CHttpResponseCodec.decode(W3CHttpResponseCodec.java:122)
	at org.openqa.selenium.remote.http.W3CHttpResponseCodec.decode(W3CHttpResponseCodec.java:49)
	at org.openqa.selenium.remote.HttpCommandExecutor.execute(HttpCommandExecutor.java:158)
	at org.openqa.selenium.remote.service.DriverCommandExecutor.execute(DriverCommandExecutor.java:83)
	at org.openqa.selenium.remote.RemoteWebDriver.execute(RemoteWebDriver.java:552)
	at org.openqa.selenium.remote.RemoteWebDriver.findElement(RemoteWebDriver.java:323)
	at org.openqa.selenium.remote.RemoteWebDriver.findElementByXPath(RemoteWebDriver.java:428)
	at org.openqa.selenium.By$ByXPath.findElement(By.java:353)
	at org.openqa.selenium.remote.RemoteWebDriver.findElement(RemoteWebDriver.java:315)
	at org.openqa.selenium.support.pagefactory.DefaultElementLocator.findElement(DefaultElementLocator.java:69)
	at org.openqa.selenium.support.pagefactory.internal.LocatingElementHandler.invoke(LocatingElementHandler.java:38)
	at com.sun.proxy.$Proxy7.isDisplayed(Unknown Source)
	at cpms.webasto.test.SampleWebSocketTest.chargePointConnect(SampleWebSocketTest.java:54)
	at cpms.webasto.test.WebSocketTest.startTransaction2(WebSocketTest.java:39)
	at sun.reflect.NativeMethodAccessorImpl.invoke0(Native Method)
	at sun.reflect.NativeMethodAccessorImpl.invoke(Unknown Source)
	at sun.reflect.DelegatingMethodAccessorImpl.invoke(Unknown Source)
	at java.lang.reflect.Method.invoke(Unknown Source)
	at org.testng.internal.MethodInvocationHelper.invokeMethod(MethodInvocationHelper.java:80)
	at org.testng.internal.Invoker.invokeMethod(Invoker.java:714)
	at org.testng.internal.Invoker.invokeTestMethod(Invoker.java:901)
	at org.testng.internal.Invoker.invokeTestMethods(Invoker.java:1231)
	at org.testng.internal.TestMethodWorker.invokeTestMethods(TestMethodWorker.java:127)
	at org.testng.internal.TestMethodWorker.run(TestMethodWorker.java:111)
	at org.testng.TestRunner.privateRun(TestRunner.java:767)
	at org.testng.TestRunner.run(TestRunner.java:617)
	at org.testng.SuiteRunner.runTest(SuiteRunner.java:334)
	at org.testng.SuiteRunner.runSequentially(SuiteRunner.java:329)
	at org.testng.SuiteRunner.privateRun(SuiteRunner.java:291)
	at org.testng.SuiteRunner.run(SuiteRunner.java:240)
	at org.testng.SuiteRunnerWorker.runSuite(SuiteRunnerWorker.java:52)
	at org.testng.SuiteRunnerWorker.run(SuiteRunnerWorker.java:86)
	at org.testng.TestNG.runSuitesSequentially(TestNG.java:1198)
	at org.testng.TestNG.runSuitesLocally(TestNG.java:1123)
	at org.testng.TestNG.run(TestNG.java:1031)
	at org.testng.remote.AbstractRemoteTestNG.run(AbstractRemoteTestNG.java:115)
	at org.testng.remote.RemoteTestNG.initAndRun(RemoteTestNG.java:251)
	at org.testng.remote.RemoteTestNG.main(RemoteTestNG.java:77)
]]>
    </failure>
  </testcase> <!-- startTransaction2 -->
  <testcase name="bootNotification3" time="3.607" classname="cpms.webasto.test.WebSocketTest">
    <failure type="org.openqa.selenium.WebDriverException" message="unknown error: failed to wait for extension background page to load: chrome-extension://mdmlhchldhfnfnkfmljgeinlffmdgkjo/_generated_background_page.html
from disconnected: Unable to receive message from renderer
Build info: version: &#039;unknown&#039;, revision: &#039;unknown&#039;, time: &#039;unknown&#039;
System info: host: &#039;DESKTOP-HDPEOVG&#039;, ip: &#039;192.168.31.40&#039;, os.name: &#039;Windows 10&#039;, os.arch: &#039;amd64&#039;, os.version: &#039;10.0&#039;, java.version: &#039;1.8.0_261&#039;
Driver info: driver.version: ChromeDriver
remote stacktrace: Backtrace:
	Ordinal0 [0x00CBD383+3134339]
	Ordinal0 [0x00BAA171+2007409]
	Ordinal0 [0x00A4AEE8+569064]
	Ordinal0 [0x00A3F1E5+520677]
	Ordinal0 [0x00A3E542+517442]
	Ordinal0 [0x00A3E935+518453]
	Ordinal0 [0x00A3E265+516709]
	Ordinal0 [0x00A47551+554321]
	Ordinal0 [0x00A3E214+516628]
	Ordinal0 [0x00A3EF25+519973]
	Ordinal0 [0x00A3E542+517442]
	Ordinal0 [0x00A3E935+518453]
	Ordinal0 [0x00A3E265+516709]
	Ordinal0 [0x00A458DE+547038]
	Ordinal0 [0x00A3E214+516628]
	Ordinal0 [0x00A3EF25+519973]
	Ordinal0 [0x00A3E542+517442]
	Ordinal0 [0x00A3E935+518453]
	Ordinal0 [0x00A3E265+516709]
	Ordinal0 [0x00A43BF6+539638]
	Ordinal0 [0x00A3E214+516628]
	Ordinal0 [0x00A3EF25+519973]
	Ordinal0 [0x00A3E542+517442]
	Ordinal0 [0x00A3E935+518453]
	Ordinal0 [0x00A3E265+516709]
	Ordinal0 [0x00A42F37+536375]
	Ordinal0 [0x00A3E214+516628]
	Ordinal0 [0x00A3DF81+515969]
	Ordinal0 [0x00A4BF70+573296]
	Ordinal0 [0x00A37242+488002]
	Ordinal0 [0x009CD9C9+55753]
	Ordinal0 [0x009F0DFC+200188]
	Ordinal0 [0x009F0C1D+199709]
	Ordinal0 [0x009EEB0B+191243]
	Ordinal0 [0x009D2E77+77431]
	Ordinal0 [0x009D3E3E+81470]
	Ordinal0 [0x009D3DC9+81353]
	Ordinal0 [0x00BC0CD9+2100441]
	GetHandleVerifier [0x00E2B75A+1396954]
	GetHandleVerifier [0x00E2B3D9+1396057]
	GetHandleVerifier [0x00E37126+1444518]
	GetHandleVerifier [0x00E2BCE8+1398376]
	Ordinal0 [0x00BB7F51+2064209]
	Ordinal0 [0x00BC22EB+2106091]
	Ordinal0 [0x00BC2411+2106385]
	Ordinal0 [0x00BD49C4+2181572]
	BaseThreadInitThunk [0x7627FA29+25]
	RtlGetAppContainerNamedObjectPath [0x77E775F4+228]
	RtlGetAppContainerNamedObjectPath [0x77E775C4+180]
">
      <![CDATA[org.openqa.selenium.WebDriverException: unknown error: failed to wait for extension background page to load: chrome-extension://mdmlhchldhfnfnkfmljgeinlffmdgkjo/_generated_background_page.html
from disconnected: Unable to receive message from renderer
Build info: version: 'unknown', revision: 'unknown', time: 'unknown'
System info: host: 'DESKTOP-HDPEOVG', ip: '192.168.31.40', os.name: 'Windows 10', os.arch: 'amd64', os.version: '10.0', java.version: '1.8.0_261'
Driver info: driver.version: ChromeDriver
remote stacktrace: Backtrace:
	Ordinal0 [0x00CBD383+3134339]
	Ordinal0 [0x00BAA171+2007409]
	Ordinal0 [0x00A4AEE8+569064]
	Ordinal0 [0x00A3F1E5+520677]
	Ordinal0 [0x00A3E542+517442]
	Ordinal0 [0x00A3E935+518453]
	Ordinal0 [0x00A3E265+516709]
	Ordinal0 [0x00A47551+554321]
	Ordinal0 [0x00A3E214+516628]
	Ordinal0 [0x00A3EF25+519973]
	Ordinal0 [0x00A3E542+517442]
	Ordinal0 [0x00A3E935+518453]
	Ordinal0 [0x00A3E265+516709]
	Ordinal0 [0x00A458DE+547038]
	Ordinal0 [0x00A3E214+516628]
	Ordinal0 [0x00A3EF25+519973]
	Ordinal0 [0x00A3E542+517442]
	Ordinal0 [0x00A3E935+518453]
	Ordinal0 [0x00A3E265+516709]
	Ordinal0 [0x00A43BF6+539638]
	Ordinal0 [0x00A3E214+516628]
	Ordinal0 [0x00A3EF25+519973]
	Ordinal0 [0x00A3E542+517442]
	Ordinal0 [0x00A3E935+518453]
	Ordinal0 [0x00A3E265+516709]
	Ordinal0 [0x00A42F37+536375]
	Ordinal0 [0x00A3E214+516628]
	Ordinal0 [0x00A3DF81+515969]
	Ordinal0 [0x00A4BF70+573296]
	Ordinal0 [0x00A37242+488002]
	Ordinal0 [0x009CD9C9+55753]
	Ordinal0 [0x009F0DFC+200188]
	Ordinal0 [0x009F0C1D+199709]
	Ordinal0 [0x009EEB0B+191243]
	Ordinal0 [0x009D2E77+77431]
	Ordinal0 [0x009D3E3E+81470]
	Ordinal0 [0x009D3DC9+81353]
	Ordinal0 [0x00BC0CD9+2100441]
	GetHandleVerifier [0x00E2B75A+1396954]
	GetHandleVerifier [0x00E2B3D9+1396057]
	GetHandleVerifier [0x00E37126+1444518]
	GetHandleVerifier [0x00E2BCE8+1398376]
	Ordinal0 [0x00BB7F51+2064209]
	Ordinal0 [0x00BC22EB+2106091]
	Ordinal0 [0x00BC2411+2106385]
	Ordinal0 [0x00BD49C4+2181572]
	BaseThreadInitThunk [0x7627FA29+25]
	RtlGetAppContainerNamedObjectPath [0x77E775F4+228]
	RtlGetAppContainerNamedObjectPath [0x77E775C4+180]

	at sun.reflect.NativeConstructorAccessorImpl.newInstance0(Native Method)
	at sun.reflect.NativeConstructorAccessorImpl.newInstance(Unknown Source)
	at sun.reflect.DelegatingConstructorAccessorImpl.newInstance(Unknown Source)
	at java.lang.reflect.Constructor.newInstance(Unknown Source)
	at org.openqa.selenium.remote.W3CHandshakeResponse.lambda$errorHandler$0(W3CHandshakeResponse.java:62)
	at org.openqa.selenium.remote.HandshakeResponse.lambda$getResponseFunction$0(HandshakeResponse.java:30)
	at org.openqa.selenium.remote.ProtocolHandshake.lambda$createSession$0(ProtocolHandshake.java:126)
	at java.util.stream.ReferencePipeline$3$1.accept(Unknown Source)
	at java.util.Spliterators$ArraySpliterator.tryAdvance(Unknown Source)
	at java.util.stream.ReferencePipeline.forEachWithCancel(Unknown Source)
	at java.util.stream.AbstractPipeline.copyIntoWithCancel(Unknown Source)
	at java.util.stream.AbstractPipeline.copyInto(Unknown Source)
	at java.util.stream.AbstractPipeline.wrapAndCopyInto(Unknown Source)
	at java.util.stream.FindOps$FindOp.evaluateSequential(Unknown Source)
	at java.util.stream.AbstractPipeline.evaluate(Unknown Source)
	at java.util.stream.ReferencePipeline.findFirst(Unknown Source)
	at org.openqa.selenium.remote.ProtocolHandshake.createSession(ProtocolHandshake.java:128)
	at org.openqa.selenium.remote.ProtocolHandshake.createSession(ProtocolHandshake.java:74)
	at org.openqa.selenium.remote.HttpCommandExecutor.execute(HttpCommandExecutor.java:136)
	at org.openqa.selenium.remote.service.DriverCommandExecutor.execute(DriverCommandExecutor.java:83)
	at org.openqa.selenium.remote.RemoteWebDriver.execute(RemoteWebDriver.java:552)
	at org.openqa.selenium.remote.RemoteWebDriver.startSession(RemoteWebDriver.java:213)
	at org.openqa.selenium.remote.RemoteWebDriver.<init>(RemoteWebDriver.java:131)
	at org.openqa.selenium.chrome.ChromeDriver.<init>(ChromeDriver.java:181)
	at org.openqa.selenium.chrome.ChromeDriver.<init>(ChromeDriver.java:168)
	at org.openqa.selenium.chrome.ChromeDriver.<init>(ChromeDriver.java:157)
	at cpms.webasto.test.SampleWebSocketTest.chargePointConnect(SampleWebSocketTest.java:36)
	at cpms.webasto.test.WebSocketTest.bootNotification3(WebSocketTest.java:25)
	at sun.reflect.NativeMethodAccessorImpl.invoke0(Native Method)
	at sun.reflect.NativeMethodAccessorImpl.invoke(Unknown Source)
	at sun.reflect.DelegatingMethodAccessorImpl.invoke(Unknown Source)
	at java.lang.reflect.Method.invoke(Unknown Source)
	at org.testng.internal.MethodInvocationHelper.invokeMethod(MethodInvocationHelper.java:80)
	at org.testng.internal.Invoker.invokeMethod(Invoker.java:714)
	at org.testng.internal.Invoker.invokeTestMethod(Invoker.java:901)
	at org.testng.internal.Invoker.invokeTestMethods(Invoker.java:1231)
	at org.testng.internal.TestMethodWorker.invokeTestMethods(TestMethodWorker.java:127)
	at org.testng.internal.TestMethodWorker.run(TestMethodWorker.java:111)
	at org.testng.TestRunner.privateRun(TestRunner.java:767)
	at org.testng.TestRunner.run(TestRunner.java:617)
	at org.testng.SuiteRunner.runTest(SuiteRunner.java:334)
	at org.testng.SuiteRunner.runSequentially(SuiteRunner.java:329)
	at org.testng.SuiteRunner.privateRun(SuiteRunner.java:291)
	at org.testng.SuiteRunner.run(SuiteRunner.java:240)
	at org.testng.SuiteRunnerWorker.runSuite(SuiteRunnerWorker.java:52)
	at org.testng.SuiteRunnerWorker.run(SuiteRunnerWorker.java:86)
	at org.testng.TestNG.runSuitesSequentially(TestNG.java:1198)
	at org.testng.TestNG.runSuitesLocally(TestNG.java:1123)
	at org.testng.TestNG.run(TestNG.java:1031)
	at org.testng.remote.AbstractRemoteTestNG.run(AbstractRemoteTestNG.java:115)
	at org.testng.remote.RemoteTestNG.initAndRun(RemoteTestNG.java:251)
	at org.testng.remote.RemoteTestNG.main(RemoteTestNG.java:77)
]]>
    </failure>
  </testcase> <!-- bootNotification3 -->
  <testcase name="startTransaction1" time="13.920" classname="cpms.webasto.test.WebSocketTest">
    <failure type="org.openqa.selenium.WebDriverException" message="unknown error: failed to wait for extension background page to load: chrome-extension://mdmlhchldhfnfnkfmljgeinlffmdgkjo/_generated_background_page.html
from chrome not reachable
Build info: version: &#039;unknown&#039;, revision: &#039;unknown&#039;, time: &#039;unknown&#039;
System info: host: &#039;DESKTOP-HDPEOVG&#039;, ip: &#039;192.168.31.40&#039;, os.name: &#039;Windows 10&#039;, os.arch: &#039;amd64&#039;, os.version: &#039;10.0&#039;, java.version: &#039;1.8.0_261&#039;
Driver info: driver.version: ChromeDriver
remote stacktrace: Backtrace:
	Ordinal0 [0x00CBD383+3134339]
	Ordinal0 [0x00BAA171+2007409]
	Ordinal0 [0x00A4AD90+568720]
	Ordinal0 [0x00A41364+529252]
	Ordinal0 [0x00A419FC+530940]
	Ordinal0 [0x00A42C15+535573]
	Ordinal0 [0x00A3DFC5+516037]
	Ordinal0 [0x00A4BF70+573296]
	Ordinal0 [0x00A37242+488002]
	Ordinal0 [0x009CD9C9+55753]
	Ordinal0 [0x009F0DFC+200188]
	Ordinal0 [0x009F0C1D+199709]
	Ordinal0 [0x009EEB0B+191243]
	Ordinal0 [0x009D2E77+77431]
	Ordinal0 [0x009D3E3E+81470]
	Ordinal0 [0x009D3DC9+81353]
	Ordinal0 [0x00BC0CD9+2100441]
	GetHandleVerifier [0x00E2B75A+1396954]
	GetHandleVerifier [0x00E2B3D9+1396057]
	GetHandleVerifier [0x00E37126+1444518]
	GetHandleVerifier [0x00E2BCE8+1398376]
	Ordinal0 [0x00BB7F51+2064209]
	Ordinal0 [0x00BC22EB+2106091]
	Ordinal0 [0x00BC2411+2106385]
	Ordinal0 [0x00BD49C4+2181572]
	BaseThreadInitThunk [0x7627FA29+25]
	RtlGetAppContainerNamedObjectPath [0x77E775F4+228]
	RtlGetAppContainerNamedObjectPath [0x77E775C4+180]
">
      <![CDATA[org.openqa.selenium.WebDriverException: unknown error: failed to wait for extension background page to load: chrome-extension://mdmlhchldhfnfnkfmljgeinlffmdgkjo/_generated_background_page.html
from chrome not reachable
Build info: version: 'unknown', revision: 'unknown', time: 'unknown'
System info: host: 'DESKTOP-HDPEOVG', ip: '192.168.31.40', os.name: 'Windows 10', os.arch: 'amd64', os.version: '10.0', java.version: '1.8.0_261'
Driver info: driver.version: ChromeDriver
remote stacktrace: Backtrace:
	Ordinal0 [0x00CBD383+3134339]
	Ordinal0 [0x00BAA171+2007409]
	Ordinal0 [0x00A4AD90+568720]
	Ordinal0 [0x00A41364+529252]
	Ordinal0 [0x00A419FC+530940]
	Ordinal0 [0x00A42C15+535573]
	Ordinal0 [0x00A3DFC5+516037]
	Ordinal0 [0x00A4BF70+573296]
	Ordinal0 [0x00A37242+488002]
	Ordinal0 [0x009CD9C9+55753]
	Ordinal0 [0x009F0DFC+200188]
	Ordinal0 [0x009F0C1D+199709]
	Ordinal0 [0x009EEB0B+191243]
	Ordinal0 [0x009D2E77+77431]
	Ordinal0 [0x009D3E3E+81470]
	Ordinal0 [0x009D3DC9+81353]
	Ordinal0 [0x00BC0CD9+2100441]
	GetHandleVerifier [0x00E2B75A+1396954]
	GetHandleVerifier [0x00E2B3D9+1396057]
	GetHandleVerifier [0x00E37126+1444518]
	GetHandleVerifier [0x00E2BCE8+1398376]
	Ordinal0 [0x00BB7F51+2064209]
	Ordinal0 [0x00BC22EB+2106091]
	Ordinal0 [0x00BC2411+2106385]
	Ordinal0 [0x00BD49C4+2181572]
	BaseThreadInitThunk [0x7627FA29+25]
	RtlGetAppContainerNamedObjectPath [0x77E775F4+228]
	RtlGetAppContainerNamedObjectPath [0x77E775C4+180]

	at sun.reflect.NativeConstructorAccessorImpl.newInstance0(Native Method)
	at sun.reflect.NativeConstructorAccessorImpl.newInstance(Unknown Source)
	at sun.reflect.DelegatingConstructorAccessorImpl.newInstance(Unknown Source)
	at java.lang.reflect.Constructor.newInstance(Unknown Source)
	at org.openqa.selenium.remote.W3CHandshakeResponse.lambda$errorHandler$0(W3CHandshakeResponse.java:62)
	at org.openqa.selenium.remote.HandshakeResponse.lambda$getResponseFunction$0(HandshakeResponse.java:30)
	at org.openqa.selenium.remote.ProtocolHandshake.lambda$createSession$0(ProtocolHandshake.java:126)
	at java.util.stream.ReferencePipeline$3$1.accept(Unknown Source)
	at java.util.Spliterators$ArraySpliterator.tryAdvance(Unknown Source)
	at java.util.stream.ReferencePipeline.forEachWithCancel(Unknown Source)
	at java.util.stream.AbstractPipeline.copyIntoWithCancel(Unknown Source)
	at java.util.stream.AbstractPipeline.copyInto(Unknown Source)
	at java.util.stream.AbstractPipeline.wrapAndCopyInto(Unknown Source)
	at java.util.stream.FindOps$FindOp.evaluateSequential(Unknown Source)
	at java.util.stream.AbstractPipeline.evaluate(Unknown Source)
	at java.util.stream.ReferencePipeline.findFirst(Unknown Source)
	at org.openqa.selenium.remote.ProtocolHandshake.createSession(ProtocolHandshake.java:128)
	at org.openqa.selenium.remote.ProtocolHandshake.createSession(ProtocolHandshake.java:74)
	at org.openqa.selenium.remote.HttpCommandExecutor.execute(HttpCommandExecutor.java:136)
	at org.openqa.selenium.remote.service.DriverCommandExecutor.execute(DriverCommandExecutor.java:83)
	at org.openqa.selenium.remote.RemoteWebDriver.execute(RemoteWebDriver.java:552)
	at org.openqa.selenium.remote.RemoteWebDriver.startSession(RemoteWebDriver.java:213)
	at org.openqa.selenium.remote.RemoteWebDriver.<init>(RemoteWebDriver.java:131)
	at org.openqa.selenium.chrome.ChromeDriver.<init>(ChromeDriver.java:181)
	at org.openqa.selenium.chrome.ChromeDriver.<init>(ChromeDriver.java:168)
	at org.openqa.selenium.chrome.ChromeDriver.<init>(ChromeDriver.java:157)
	at cpms.webasto.test.SampleWebSocketTest.chargePointConnect(SampleWebSocketTest.java:36)
	at cpms.webasto.test.WebSocketTest.startTransaction1(WebSocketTest.java:32)
	at sun.reflect.NativeMethodAccessorImpl.invoke0(Native Method)
	at sun.reflect.NativeMethodAccessorImpl.invoke(Unknown Source)
	at sun.reflect.DelegatingMethodAccessorImpl.invoke(Unknown Source)
	at java.lang.reflect.Method.invoke(Unknown Source)
	at org.testng.internal.MethodInvocationHelper.invokeMethod(MethodInvocationHelper.java:80)
	at org.testng.internal.Invoker.invokeMethod(Invoker.java:714)
	at org.testng.internal.Invoker.invokeTestMethod(Invoker.java:901)
	at org.testng.internal.Invoker.invokeTestMethods(Invoker.java:1231)
	at org.testng.internal.TestMethodWorker.invokeTestMethods(TestMethodWorker.java:127)
	at org.testng.internal.TestMethodWorker.run(TestMethodWorker.java:111)
	at org.testng.TestRunner.privateRun(TestRunner.java:767)
	at org.testng.TestRunner.run(TestRunner.java:617)
	at org.testng.SuiteRunner.runTest(SuiteRunner.java:334)
	at org.testng.SuiteRunner.runSequentially(SuiteRunner.java:329)
	at org.testng.SuiteRunner.privateRun(SuiteRunner.java:291)
	at org.testng.SuiteRunner.run(SuiteRunner.java:240)
	at org.testng.SuiteRunnerWorker.runSuite(SuiteRunnerWorker.java:52)
	at org.testng.SuiteRunnerWorker.run(SuiteRunnerWorker.java:86)
	at org.testng.TestNG.runSuitesSequentially(TestNG.java:1198)
	at org.testng.TestNG.runSuitesLocally(TestNG.java:1123)
	at org.testng.TestNG.run(TestNG.java:1031)
	at org.testng.remote.AbstractRemoteTestNG.run(AbstractRemoteTestNG.java:115)
	at org.testng.remote.RemoteTestNG.initAndRun(RemoteTestNG.java:251)
	at org.testng.remote.RemoteTestNG.main(RemoteTestNG.java:77)
]]>
    </failure>
  </testcase> <!-- startTransaction1 -->
</testsuite> <!-- cpms.webasto.test.WebSocketTest -->
